<?xml version="1.0" encoding="utf-8"?><testsuites name="pytest tests"><testsuite name="pytest" errors="0" failures="0" skipped="0" tests="5" time="14.355" timestamp="2026-08-02T09:06:20.198962+00:00" hostname="agent-env-5fac6fb7-c62d-4ff3-a5d8-69fe8ec6ee74"><testcase classname="backend.tests.test_model_picker" name="test_index_exposes_model_catalog_and_select" time="0.113" /><testcase classname="backend.tests.test_model_picker" name="test_digitize_openai_with_specific_model_gpt4o" time="3.035" /><testcase classname="backend.tests.test_model_picker" name="test_digitize_anthropic_with_specific_model_opus46" time="4.696" /><testcase classname="backend.tests.test_model_picker" name="test_invalid_model_falls_back_to_default" time="2.829" /><testcase classname="backend.tests.test_model_picker" name="test_empty_model_uses_default" time="3.629" /></testsuite></testsuites>