<?xml version="1.0" encoding="utf-8"?><testsuites name="pytest tests"><testsuite name="pytest" errors="0" failures="0" skipped="0" tests="6" time="12.334" timestamp="2026-08-02T08:56:04.936376+00:00" hostname="agent-env-5fac6fb7-c62d-4ff3-a5d8-69fe8ec6ee74"><testcase classname="backend.tests.test_ocr_api" name="test_health_endpoint" time="0.159" /><testcase classname="backend.tests.test_ocr_api" name="test_index_page_renders" time="0.124" /><testcase classname="backend.tests.test_ocr_api" name="test_digitize_openai" time="7.354" /><testcase classname="backend.tests.test_ocr_api" name="test_digitize_anthropic" time="4.290" /><testcase classname="backend.tests.test_ocr_api" name="test_digitize_unsupported_extension" time="0.118" /><testcase classname="backend.tests.test_ocr_api" name="test_export_pdf" time="0.099" /></testsuite></testsuites>